<Event><System><Provider Name="Microsoft-Windows-Sysmon"/><EventID>11</EventID><Computer>LT-RIVER-7742.corp.local</Computer><Security UserID="S-1-5-21-4089823147-2712345678-1977000100-1100"/></System><EventData><Data Name="UtcTime">2026-05-15T15:47:21Z</Data><Data Name="ProcessGuid">{d50490a6-04a1-4c27-bd7a-4d532fc5fe9e}</Data><Data Name="ProcessId">4200</Data><Data Name="Image">C:\Windows\System32\WindowsPowerShell\v1.0\powershell.exe</Data><Data Name="CommandLine">"C:\Windows\System32\WindowsPowerShell\v1.0\powershell.exe" --user naomi.rivera@northstar.example --token sample-token-24dabc521036497a</Data><Data Name="CurrentDirectory">C:\Users\naomi.rivera\Downloads\</Data><Data Name="User">CORP\naomi.rivera</Data><Data Name="LogonGuid">{dd04ca25-299f-47f5-b9ef-fa65ba48a9bb}</Data><Data Name="LogonId">0x3e7</Data><Data Name="TerminalSessionId">0</Data><Data Name="IntegrityLevel">System</Data><Data Name="Hashes">SHA256=0b75b1b4c2c48f2f157c647cd9b015a7e5e4eabda881aa5c852d436374551ec9</Data><Data Name="ParentProcessGuid">{34e7ac8b-65b8-419b-b269-aadaba049774}</Data><Data Name="ParentImage">C:\Windows\explorer.exe</Data><Data Name="DestinationHostname">api-ember-09.internal.example</Data><Data Name="DestinationIp">198.51.100.21</Data><Data Name="DestinationPort">443</Data><Data Name="QueryName">login.northstar.example</Data></EventData></Event>
<Event><System><Provider Name="Microsoft-Windows-Sysmon"/><EventID>1</EventID><Computer>VDI-CALL-0902.corp.local</Computer><Security UserID="S-1-5-21-4089823147-2712345678-1977000101-1101"/></System><EventData><Data Name="UtcTime">2026-05-15T15:47:58Z</Data><Data Name="ProcessGuid">{d739499b-a466-4c73-80f3-88465a2604f0}</Data><Data Name="ProcessId">4201</Data><Data Name="Image">C:\Users\eliot.park\AppData\Local\Temp\setup.exe</Data><Data Name="CommandLine">"C:\Users\eliot.park\AppData\Local\Temp\setup.exe" --user eliot.park@field.example.net --token sample-token-1092a9c1a65dc755</Data><Data Name="CurrentDirectory">C:\Users\eliot.park\Downloads\</Data><Data Name="User">CORP\eliot.park</Data><Data Name="LogonGuid">{dbfa6123-30b9-493d-af17-80814616ab80}</Data><Data Name="LogonId">0x3e8</Data><Data Name="TerminalSessionId">1</Data><Data Name="IntegrityLevel">System</Data><Data Name="Hashes">SHA256=54ac9080942f24cc79bc4fa564204a8f363d35bfa1ce0a4e75074be1c7194b8b</Data><Data Name="ParentProcessGuid">{825b1711-9a1b-429e-b724-819069ff606c}</Data><Data Name="ParentImage">C:\Windows\explorer.exe</Data><Data Name="DestinationHostname">billing-api-07.internal.example</Data><Data Name="DestinationIp">172.22.9.26</Data><Data Name="DestinationPort">443</Data><Data Name="QueryName">files-river-02.internal.example</Data></EventData></Event>
<Event><System><Provider Name="Microsoft-Windows-Sysmon"/><EventID>3</EventID><Computer>SRV-ASTER-01.corp.local</Computer><Security UserID="S-1-5-21-4089823147-2712345678-1977000102-1102"/></System><EventData><Data Name="UtcTime">2026-05-15T15:48:35Z</Data><Data Name="ProcessGuid">{841f84d1-1fa6-4a30-8d22-482a0dcda296}</Data><Data Name="ProcessId">4202</Data><Data Name="Image">C:\Windows\System32\WindowsPowerShell\v1.0\powershell.exe</Data><Data Name="CommandLine">"C:\Windows\System32\WindowsPowerShell\v1.0\powershell.exe" --user marco.silva@keystone.example.org --token sample-token-b4ef5afa0a218a0c</Data><Data Name="CurrentDirectory">C:\Users\marco.silva\Downloads\</Data><Data Name="User">CORP\marco.silva</Data><Data Name="LogonGuid">{667f3006-22dc-49c6-97d0-6dd8582d466d}</Data><Data Name="LogonId">0x3e9</Data><Data Name="TerminalSessionId">2</Data><Data Name="IntegrityLevel">Medium</Data><Data Name="Hashes">SHA256=a894b0bbd48a0711f7f813da6da03487eef2bacd8763c286a6629aac294697ce</Data><Data Name="ParentProcessGuid">{f5895c14-de1c-460e-b1d1-4ec2e2bdea13}</Data><Data Name="ParentImage">C:\Windows\explorer.exe</Data><Data Name="DestinationHostname">api-ember-09.internal.example</Data><Data Name="DestinationIp">172.22.9.31</Data><Data Name="DestinationPort">443</Data><Data Name="QueryName">login.northstar.example</Data></EventData></Event>
<Event><System><Provider Name="Microsoft-Windows-Sysmon"/><EventID>1</EventID><Computer>gw-cobalt-02.corp.local</Computer><Security UserID="S-1-5-21-4089823147-2712345678-1977000103-1103"/></System><EventData><Data Name="UtcTime">2026-05-15T15:49:12Z</Data><Data Name="ProcessGuid">{608a5be6-831f-4885-b468-60c194ad6326}</Data><Data Name="ProcessId">4203</Data><Data Name="Image">C:\Program Files\Google\Chrome\Application\chrome.exe</Data><Data Name="CommandLine">"C:\Program Files\Google\Chrome\Application\chrome.exe" --user rhea.maddox@northstar.example --token sample-token-1906e2df91a5ce5c</Data><Data Name="CurrentDirectory">C:\Users\rhea.maddox\Downloads\</Data><Data Name="User">CORP\rhea.maddox</Data><Data Name="LogonGuid">{747c33bc-8344-4ae8-81c3-0f1e60ba95c8}</Data><Data Name="LogonId">0x3ea</Data><Data Name="TerminalSessionId">3</Data><Data Name="IntegrityLevel">Medium</Data><Data Name="Hashes">SHA256=df8419bb1fb3b27b696c12179c6d7cf2eef76b575e075e9507f1e23e6afa27aa</Data><Data Name="ParentProcessGuid">{139cde12-5a12-42e8-8364-04a5e7fab06c}</Data><Data Name="ParentImage">C:\Windows\explorer.exe</Data><Data Name="DestinationHostname">reports-moss-05.internal.example</Data><Data Name="DestinationIp">192.0.2.28</Data><Data Name="DestinationPort">53</Data><Data Name="QueryName">graph.microsoft.com</Data></EventData></Event>
<Event><System><Provider Name="Microsoft-Windows-Sysmon"/><EventID>22</EventID><Computer>api-ember-09.corp.local</Computer><Security UserID="S-1-5-21-4089823147-2712345678-1977000104-1104"/></System><EventData><Data Name="UtcTime">2026-05-15T15:49:49Z</Data><Data Name="ProcessGuid">{d19c8fe6-7910-4e71-bbc0-aa5f83ed7531}</Data><Data Name="ProcessId">4204</Data><Data Name="Image">C:\Windows\System32\rundll32.exe</Data><Data Name="CommandLine">"C:\Windows\System32\rundll32.exe" --user cal.derosa@field.example.net --token sample-token-2ec5b3ebb0ab9c0f</Data><Data Name="CurrentDirectory">C:\Users\cal.derosa\Downloads\</Data><Data Name="User">CORP\cal.derosa</Data><Data Name="LogonGuid">{d6bb55e1-75ee-4a5f-a2d0-12a26c891c6c}</Data><Data Name="LogonId">0x3eb</Data><Data Name="TerminalSessionId">4</Data><Data Name="IntegrityLevel">Medium</Data><Data Name="Hashes">SHA256=f5c93e45b76d4cecf681b76c502231197ff9761bcf9f7966f48ffa24d56a31ed</Data><Data Name="ParentProcessGuid">{f9ef73d7-26a0-4157-b722-12670eb390e3}</Data><Data Name="ParentImage">C:\Windows\explorer.exe</Data><Data Name="DestinationHostname">api-ember-09.internal.example</Data><Data Name="DestinationIp">172.22.9.33</Data><Data Name="DestinationPort">80</Data><Data Name="QueryName">files-river-02.internal.example</Data></EventData></Event>
<Event><System><Provider Name="Microsoft-Windows-Sysmon"/><EventID>1</EventID><Computer>worker-orchid-03.corp.local</Computer><Security UserID="S-1-5-21-4089823147-2712345678-1977000105-1105"/></System><EventData><Data Name="UtcTime">2026-05-15T15:50:26Z</Data><Data Name="ProcessGuid">{f7b17fa3-fb45-4bf6-a827-cf81309514fa}</Data><Data Name="ProcessId">4205</Data><Data Name="Image">C:\Program Files\Google\Chrome\Application\chrome.exe</Data><Data Name="CommandLine">"C:\Program Files\Google\Chrome\Application\chrome.exe" --user quinn.rosales@keystone.example.org --token sample-token-b178f67c538e586e</Data><Data Name="CurrentDirectory">C:\Users\quinn.rosales\Downloads\</Data><Data Name="User">CORP\quinn.rosales</Data><Data Name="LogonGuid">{36fc445c-1052-4410-aea0-a329afa001d6}</Data><Data Name="LogonId">0x3ec</Data><Data Name="TerminalSessionId">0</Data><Data Name="IntegrityLevel">System</Data><Data Name="Hashes">SHA256=b41342e6111e61d9d7b551319e1de69d8dbb2fb45d0de837d787ddeeb7ced78d</Data><Data Name="ParentProcessGuid">{25bf6761-0bfb-4b4e-99d0-c569ebec7854}</Data><Data Name="ParentImage">C:\Windows\explorer.exe</Data><Data Name="DestinationHostname">billing-api-07.internal.example</Data><Data Name="DestinationIp">10.44.18.39</Data><Data Name="DestinationPort">80</Data><Data Name="QueryName">login.northstar.example</Data></EventData></Event>
<Event><System><Provider Name="Microsoft-Windows-Sysmon"/><EventID>1</EventID><Computer>db-onyx-03.corp.local</Computer><Security UserID="S-1-5-21-4089823147-2712345678-1977000106-1106"/></System><EventData><Data Name="UtcTime">2026-05-15T15:51:03Z</Data><Data Name="ProcessGuid">{ca69efc6-82a0-445f-a4cf-852787b94f64}</Data><Data Name="ProcessId">4206</Data><Data Name="Image">C:\Program Files\Google\Chrome\Application\chrome.exe</Data><Data Name="CommandLine">"C:\Program Files\Google\Chrome\Application\chrome.exe" --user veda.morris@northstar.example --token sample-token-bea9e70d6b0a714b</Data><Data Name="CurrentDirectory">C:\Users\veda.morris\Downloads\</Data><Data Name="User">CORP\veda.morris</Data><Data Name="LogonGuid">{e13ce103-4688-4c2b-a6f0-9f64e5bb9ffc}</Data><Data Name="LogonId">0x3ed</Data><Data Name="TerminalSessionId">1</Data><Data Name="IntegrityLevel">Medium</Data><Data Name="Hashes">SHA256=1080183879c98337cb53d7e6ee548754e6b7c95daae5dd22387f0596a1a97087</Data><Data Name="ParentProcessGuid">{38e0c870-d418-421f-9e5a-0cbcd8580431}</Data><Data Name="ParentImage">C:\Windows\explorer.exe</Data><Data Name="DestinationHostname">cache-pearl-01.internal.example</Data><Data Name="DestinationIp">198.51.100.46</Data><Data Name="DestinationPort">80</Data><Data Name="QueryName">graph.microsoft.com</Data></EventData></Event>
<Event><System><Provider Name="Microsoft-Windows-Sysmon"/><EventID>1</EventID><Computer>DESKTOP-LAB-4421.corp.local</Computer><Security UserID="S-1-5-21-4089823147-2712345678-1977000107-1107"/></System><EventData><Data Name="UtcTime">2026-05-15T15:51:40Z</Data><Data Name="ProcessGuid">{31bf448d-4fe0-44a2-aaf3-c0f5cfa67ec8}</Data><Data Name="ProcessId">4207</Data><Data Name="Image">C:\Users\tomas.aker\AppData\Local\Temp\setup.exe</Data><Data Name="CommandLine">"C:\Users\tomas.aker\AppData\Local\Temp\setup.exe" --user tomas.aker@field.example.net --token sample-token-16fa224d3b9076bc</Data><Data Name="CurrentDirectory">C:\Users\tomas.aker\Downloads\</Data><Data Name="User">CORP\tomas.aker</Data><Data Name="LogonGuid">{36ab6d83-1a72-426d-861c-ce1ac3305f5a}</Data><Data Name="LogonId">0x3ee</Data><Data Name="TerminalSessionId">2</Data><Data Name="IntegrityLevel">System</Data><Data Name="Hashes">SHA256=14958c5bcc6f150a8bef3a00c982a66273851a196d02602cfaae0c064bd4cc38</Data><Data Name="ParentProcessGuid">{0119100a-b95b-45fb-8f62-4658364025e7}</Data><Data Name="ParentImage">C:\Windows\explorer.exe</Data><Data Name="DestinationHostname">billing-api-07.internal.example</Data><Data Name="DestinationIp">10.44.18.50</Data><Data Name="DestinationPort">443</Data><Data Name="QueryName">login.northstar.example</Data></EventData></Event>
<Event><System><Provider Name="Microsoft-Windows-Sysmon"/><EventID>1</EventID><Computer>LAPTOP-FIELD-1188.corp.local</Computer><Security UserID="S-1-5-21-4089823147-2712345678-1977000108-1108"/></System><EventData><Data Name="UtcTime">2026-05-15T15:52:17Z</Data><Data Name="ProcessGuid">{d1feb6a0-dd24-4231-a333-0ec3fe7e6ba0}</Data><Data Name="ProcessId">4208</Data><Data Name="Image">C:\Windows\System32\WindowsPowerShell\v1.0\powershell.exe</Data><Data Name="CommandLine">"C:\Windows\System32\WindowsPowerShell\v1.0\powershell.exe" --user iris.monte@keystone.example.org --token sample-token-c252609e6cff33b2</Data><Data Name="CurrentDirectory">C:\Users\iris.monte\Downloads\</Data><Data Name="User">CORP\iris.monte</Data><Data Name="LogonGuid">{6114d416-fbc0-4559-b4d1-a7c8db3fb54a}</Data><Data Name="LogonId">0x3ef</Data><Data Name="TerminalSessionId">3</Data><Data Name="IntegrityLevel">Medium</Data><Data Name="Hashes">SHA256=a7b22a45e6d7b127fffab533123dfac4361221e5cafc326b81b4bb960cb9d463</Data><Data Name="ParentProcessGuid">{b16f1b1d-72fc-48ad-9f45-bd8026c58449}</Data><Data Name="ParentImage">C:\Windows\explorer.exe</Data><Data Name="DestinationHostname">reports-moss-05.internal.example</Data><Data Name="DestinationIp">192.168.66.27</Data><Data Name="DestinationPort">80</Data><Data Name="QueryName">files-river-02.internal.example</Data></EventData></Event>
<Event><System><Provider Name="Microsoft-Windows-Sysmon"/><EventID>11</EventID><Computer>LT-RIVER-7742.corp.local</Computer><Security UserID="S-1-5-21-4089823147-2712345678-1977000109-1109"/></System><EventData><Data Name="UtcTime">2026-05-15T15:52:54Z</Data><Data Name="ProcessGuid">{a6b18291-742c-4e80-b920-b1f3fdfca7d7}</Data><Data Name="ProcessId">4209</Data><Data Name="Image">C:\Windows\System32\rundll32.exe</Data><Data Name="CommandLine">"C:\Windows\System32\rundll32.exe" --user mira.vale@northstar.example --token sample-token-e96845d16746e2af</Data><Data Name="CurrentDirectory">C:\Users\mira.vale\Downloads\</Data><Data Name="User">CORP\mira.vale</Data><Data Name="LogonGuid">{9b2164c3-f1c1-41d2-a158-33160d781ac2}</Data><Data Name="LogonId">0x3f0</Data><Data Name="TerminalSessionId">4</Data><Data Name="IntegrityLevel">Medium</Data><Data Name="Hashes">SHA256=ccba1ff3bd02c15d76e0a51119ded8880d4cc651df4c32f6f65f8e18971729ee</Data><Data Name="ParentProcessGuid">{69955353-ca84-449f-bf5e-2827f8422754}</Data><Data Name="ParentImage">C:\Windows\explorer.exe</Data><Data Name="DestinationHostname">admin-violet-02.internal.example</Data><Data Name="DestinationIp">203.0.113.49</Data><Data Name="DestinationPort">53</Data><Data Name="QueryName">login.northstar.example</Data></EventData></Event>
<Event><System><Provider Name="Microsoft-Windows-Sysmon"/><EventID>22</EventID><Computer>VDI-CALL-0902.corp.local</Computer><Security UserID="S-1-5-21-4089823147-2712345678-1977000110-1110"/></System><EventData><Data Name="UtcTime">2026-05-15T15:53:31Z</Data><Data Name="ProcessGuid">{165c9aed-24bb-4733-8730-d6f47b22806f}</Data><Data Name="ProcessId">4210</Data><Data Name="Image">C:\Windows\System32\WindowsPowerShell\v1.0\powershell.exe</Data><Data Name="CommandLine">"C:\Windows\System32\WindowsPowerShell\v1.0\powershell.exe" --user selah.ng@field.example.net --token sample-token-9faf3a40529b18d3</Data><Data Name="CurrentDirectory">C:\Users\selah.ng\Downloads\</Data><Data Name="User">CORP\selah.ng</Data><Data Name="LogonGuid">{35a65fe9-a1ad-4ac9-97a2-a05a5c5a067b}</Data><Data Name="LogonId">0x3f1</Data><Data Name="TerminalSessionId">0</Data><Data Name="IntegrityLevel">System</Data><Data Name="Hashes">SHA256=94c197501ed42713663c0a51c67f94d275fc5894188e3fc8da18edff24eb2f86</Data><Data Name="ParentProcessGuid">{62dc3b40-43cb-4962-b623-0e5cd36b8d12}</Data><Data Name="ParentImage">C:\Windows\explorer.exe</Data><Data Name="DestinationHostname">worker-orchid-03.internal.example</Data><Data Name="DestinationIp">10.44.18.64</Data><Data Name="DestinationPort">80</Data><Data Name="QueryName">files-river-02.internal.example</Data></EventData></Event>
<Event><System><Provider Name="Microsoft-Windows-Sysmon"/><EventID>1</EventID><Computer>SRV-ASTER-01.corp.local</Computer><Security UserID="S-1-5-21-4089823147-2712345678-1977000111-1111"/></System><EventData><Data Name="UtcTime">2026-05-15T15:54:08Z</Data><Data Name="ProcessGuid">{46e9b0a7-f42b-4b36-9ca9-bbb8e84389cb}</Data><Data Name="ProcessId">4211</Data><Data Name="Image">C:\Windows\System32\rundll32.exe</Data><Data Name="CommandLine">"C:\Windows\System32\rundll32.exe" --user seren.cho@keystone.example.org --token sample-token-ea5f8a27e7343fcd</Data><Data Name="CurrentDirectory">C:\Users\seren.cho\Downloads\</Data><Data Name="User">CORP\seren.cho</Data><Data Name="LogonGuid">{65a46105-876b-4a77-a80d-5469f2b66f89}</Data><Data Name="LogonId">0x3f2</Data><Data Name="TerminalSessionId">1</Data><Data Name="IntegrityLevel">Medium</Data><Data Name="Hashes">SHA256=af51f5b2b44886505d876df452e135d622263915e3cefdba7a68bd0a7a4b608b</Data><Data Name="ParentProcessGuid">{85c7c98b-4ad6-40cd-a9ac-c05b1767ff56}</Data><Data Name="ParentImage">C:\Windows\explorer.exe</Data><Data Name="DestinationHostname">reports-moss-05.internal.example</Data><Data Name="DestinationIp">10.44.18.61</Data><Data Name="DestinationPort">53</Data><Data Name="QueryName">login.northstar.example</Data></EventData></Event>
<Event><System><Provider Name="Microsoft-Windows-Sysmon"/><EventID>3</EventID><Computer>gw-cobalt-02.corp.local</Computer><Security UserID="S-1-5-21-4089823147-2712345678-1977000112-1112"/></System><EventData><Data Name="UtcTime">2026-05-15T15:54:45Z</Data><Data Name="ProcessGuid">{b42009e7-c509-4190-97f3-b77674b2761c}</Data><Data Name="ProcessId">4212</Data><Data Name="Image">C:\Program Files\Google\Chrome\Application\chrome.exe</Data><Data Name="CommandLine">"C:\Program Files\Google\Chrome\Application\chrome.exe" --user naomi.rivera@northstar.example --token sample-token-b1adb7a36ae21fa1</Data><Data Name="CurrentDirectory">C:\Users\naomi.rivera\Downloads\</Data><Data Name="User">CORP\naomi.rivera</Data><Data Name="LogonGuid">{62aa163f-eeac-46bd-aa51-68c2c6465100}</Data><Data Name="LogonId">0x3f3</Data><Data Name="TerminalSessionId">2</Data><Data Name="IntegrityLevel">Medium</Data><Data Name="Hashes">SHA256=3c9543341328be25a8ffaceff2bc2380a50b370833aad771c76099858ac201f5</Data><Data Name="ParentProcessGuid">{bc2a011f-83a0-412d-a604-b03d6d9082cc}</Data><Data Name="ParentImage">C:\Windows\explorer.exe</Data><Data Name="DestinationHostname">cache-pearl-01.internal.example</Data><Data Name="DestinationIp">192.0.2.49</Data><Data Name="DestinationPort">80</Data><Data Name="QueryName">login.northstar.example</Data></EventData></Event>
<Event><System><Provider Name="Microsoft-Windows-Sysmon"/><EventID>22</EventID><Computer>api-ember-09.corp.local</Computer><Security UserID="S-1-5-21-4089823147-2712345678-1977000113-1113"/></System><EventData><Data Name="UtcTime">2026-05-15T15:55:22Z</Data><Data Name="ProcessGuid">{3523c0b0-7fdf-4e24-a19a-08bddcc038e7}</Data><Data Name="ProcessId">4213</Data><Data Name="Image">C:\Program Files\Google\Chrome\Application\chrome.exe</Data><Data Name="CommandLine">"C:\Program Files\Google\Chrome\Application\chrome.exe" --user eliot.park@field.example.net --token sample-token-5bd37e145b0aee30</Data><Data Name="CurrentDirectory">C:\Users\eliot.park\Downloads\</Data><Data Name="User">CORP\eliot.park</Data><Data Name="LogonGuid">{8496ac92-5bf7-49c6-99df-923bf9e80f62}</Data><Data Name="LogonId">0x3f4</Data><Data Name="TerminalSessionId">3</Data><Data Name="IntegrityLevel">High</Data><Data Name="Hashes">SHA256=5a463697e26b71b6af4e0e3eb0ef2a10291a3ab1bca29db385a073a1f9855d21</Data><Data Name="ParentProcessGuid">{736d1332-2cb7-4f44-9395-92fd73d77ef9}</Data><Data Name="ParentImage">C:\Windows\explorer.exe</Data><Data Name="DestinationHostname">files-river-02.internal.example</Data><Data Name="DestinationIp">192.168.66.45</Data><Data Name="DestinationPort">53</Data><Data Name="QueryName">login.northstar.example</Data></EventData></Event>
<Event><System><Provider Name="Microsoft-Windows-Sysmon"/><EventID>11</EventID><Computer>worker-orchid-03.corp.local</Computer><Security UserID="S-1-5-21-4089823147-2712345678-1977000114-1114"/></System><EventData><Data Name="UtcTime">2026-05-15T15:55:59Z</Data><Data Name="ProcessGuid">{fceffa2e-45be-43bf-8703-72e18ee13df7}</Data><Data Name="ProcessId">4214</Data><Data Name="Image">C:\Program Files\Google\Chrome\Application\chrome.exe</Data><Data Name="CommandLine">"C:\Program Files\Google\Chrome\Application\chrome.exe" --user marco.silva@keystone.example.org --token sample-token-82ff4cda1bd617e0</Data><Data Name="CurrentDirectory">C:\Users\marco.silva\Downloads\</Data><Data Name="User">CORP\marco.silva</Data><Data Name="LogonGuid">{ccbe3329-ba44-44e0-a64d-34e62bfea132}</Data><Data Name="LogonId">0x3f5</Data><Data Name="TerminalSessionId">4</Data><Data Name="IntegrityLevel">Medium</Data><Data Name="Hashes">SHA256=ec58e719b66c33168f518884c55075d89b68360ee49eb89442ee05e9e7578510</Data><Data Name="ParentProcessGuid">{0268193b-5481-47ad-92c9-a84ba4ac3b19}</Data><Data Name="ParentImage">C:\Windows\explorer.exe</Data><Data Name="DestinationHostname">files-river-02.internal.example</Data><Data Name="DestinationIp">172.22.9.33</Data><Data Name="DestinationPort">80</Data><Data Name="QueryName">login.northstar.example</Data></EventData></Event>
<Event><System><Provider Name="Microsoft-Windows-Sysmon"/><EventID>3</EventID><Computer>db-onyx-03.corp.local</Computer><Security UserID="S-1-5-21-4089823147-2712345678-1977000115-1115"/></System><EventData><Data Name="UtcTime">2026-05-15T15:56:36Z</Data><Data Name="ProcessGuid">{28ffe35c-ef65-4fb0-ac01-0ac88b72b6bf}</Data><Data Name="ProcessId">4215</Data><Data Name="Image">C:\Windows\System32\WindowsPowerShell\v1.0\powershell.exe</Data><Data Name="CommandLine">"C:\Windows\System32\WindowsPowerShell\v1.0\powershell.exe" --user rhea.maddox@northstar.example --token sample-token-d568bd0c97faab5f</Data><Data Name="CurrentDirectory">C:\Users\rhea.maddox\Downloads\</Data><Data Name="User">CORP\rhea.maddox</Data><Data Name="LogonGuid">{146c9860-386e-4ca0-86ad-576c649e362b}</Data><Data Name="LogonId">0x3f6</Data><Data Name="TerminalSessionId">0</Data><Data Name="IntegrityLevel">High</Data><Data Name="Hashes">SHA256=0d2c1cb5c2d781e7e4a07fce781762ec3a7c89a90f1fd6d761f5edb569acf6ca</Data><Data Name="ParentProcessGuid">{286161ac-10b6-4eb4-83f3-7c4c8e58efd6}</Data><Data Name="ParentImage">C:\Windows\explorer.exe</Data><Data Name="DestinationHostname">billing-api-07.internal.example</Data><Data Name="DestinationIp">203.0.113.31</Data><Data Name="DestinationPort">443</Data><Data Name="QueryName">login.northstar.example</Data></EventData></Event>
<Event><System><Provider Name="Microsoft-Windows-Sysmon"/><EventID>22</EventID><Computer>DESKTOP-LAB-4421.corp.local</Computer><Security UserID="S-1-5-21-4089823147-2712345678-1977000116-1116"/></System><EventData><Data Name="UtcTime">2026-05-15T15:57:13Z</Data><Data Name="ProcessGuid">{0dfb537c-0617-4c73-bce1-40790fbc6f69}</Data><Data Name="ProcessId">4216</Data><Data Name="Image">C:\Windows\System32\rundll32.exe</Data><Data Name="CommandLine">"C:\Windows\System32\rundll32.exe" --user cal.derosa@field.example.net --token sample-token-8220c81f8081be6b</Data><Data Name="CurrentDirectory">C:\Users\cal.derosa\Downloads\</Data><Data Name="User">CORP\cal.derosa</Data><Data Name="LogonGuid">{15008a10-8c59-4f12-8e83-04230297dbe9}</Data><Data Name="LogonId">0x3f7</Data><Data Name="TerminalSessionId">1</Data><Data Name="IntegrityLevel">Medium</Data><Data Name="Hashes">SHA256=d755894694e2bb0ff1f765f18518a64d486df8e22c03422650bc45f0435ace21</Data><Data Name="ParentProcessGuid">{acff3579-29be-4fb5-bf1c-0bb070bf0251}</Data><Data Name="ParentImage">C:\Windows\explorer.exe</Data><Data Name="DestinationHostname">cache-pearl-01.internal.example</Data><Data Name="DestinationIp">172.22.9.16</Data><Data Name="DestinationPort">80</Data><Data Name="QueryName">graph.microsoft.com</Data></EventData></Event>
<Event><System><Provider Name="Microsoft-Windows-Sysmon"/><EventID>22</EventID><Computer>LAPTOP-FIELD-1188.corp.local</Computer><Security UserID="S-1-5-21-4089823147-2712345678-1977000117-1117"/></System><EventData><Data Name="UtcTime">2026-05-15T15:57:50Z</Data><Data Name="ProcessGuid">{8f588d7c-68bf-42bf-bc38-b67d54aeb4f3}</Data><Data Name="ProcessId">4217</Data><Data Name="Image">C:\Users\quinn.rosales\AppData\Local\Temp\setup.exe</Data><Data Name="CommandLine">"C:\Users\quinn.rosales\AppData\Local\Temp\setup.exe" --user quinn.rosales@keystone.example.org --token sample-token-32b3f9b4c60a3a64</Data><Data Name="CurrentDirectory">C:\Users\quinn.rosales\Downloads\</Data><Data Name="User">CORP\quinn.rosales</Data><Data Name="LogonGuid">{c35926b2-e5d4-4bce-a05a-7ae9023deebc}</Data><Data Name="LogonId">0x3f8</Data><Data Name="TerminalSessionId">2</Data><Data Name="IntegrityLevel">System</Data><Data Name="Hashes">SHA256=86a5182d8ca2bf9e02a022158352e25c8706ab3278d4a19111d3dc0c2670e78c</Data><Data Name="ParentProcessGuid">{7f6789f1-3a28-4ca4-af72-61a4ec1644a8}</Data><Data Name="ParentImage">C:\Windows\explorer.exe</Data><Data Name="DestinationHostname">cache-pearl-01.internal.example</Data><Data Name="DestinationIp">10.44.18.36</Data><Data Name="DestinationPort">53</Data><Data Name="QueryName">files-river-02.internal.example</Data></EventData></Event>
<Event><System><Provider Name="Microsoft-Windows-Sysmon"/><EventID>3</EventID><Computer>LT-RIVER-7742.corp.local</Computer><Security UserID="S-1-5-21-4089823147-2712345678-1977000118-1118"/></System><EventData><Data Name="UtcTime">2026-05-15T15:58:27Z</Data><Data Name="ProcessGuid">{044cbf69-96cc-421c-a4c1-d2ba55d48f8c}</Data><Data Name="ProcessId">4218</Data><Data Name="Image">C:\Users\veda.morris\AppData\Local\Temp\setup.exe</Data><Data Name="CommandLine">"C:\Users\veda.morris\AppData\Local\Temp\setup.exe" --user veda.morris@northstar.example --token sample-token-93de6024e1257e2f</Data><Data Name="CurrentDirectory">C:\Users\veda.morris\Downloads\</Data><Data Name="User">CORP\veda.morris</Data><Data Name="LogonGuid">{98fabbe3-4cce-4c5e-9fc2-c2fa19750462}</Data><Data Name="LogonId">0x3f9</Data><Data Name="TerminalSessionId">3</Data><Data Name="IntegrityLevel">Medium</Data><Data Name="Hashes">SHA256=9f057cb1e9e760deb6702dd9344da073de43242fa95e1ed8a43727562e5afa49</Data><Data Name="ParentProcessGuid">{73153aab-c33e-456c-97b4-6681f7fc42be}</Data><Data Name="ParentImage">C:\Windows\explorer.exe</Data><Data Name="DestinationHostname">cache-pearl-01.internal.example</Data><Data Name="DestinationIp">203.0.113.54</Data><Data Name="DestinationPort">443</Data><Data Name="QueryName">files-river-02.internal.example</Data></EventData></Event>
<Event><System><Provider Name="Microsoft-Windows-Sysmon"/><EventID>1</EventID><Computer>VDI-CALL-0902.corp.local</Computer><Security UserID="S-1-5-21-4089823147-2712345678-1977000119-1119"/></System><EventData><Data Name="UtcTime">2026-05-15T15:59:04Z</Data><Data Name="ProcessGuid">{a927f637-d672-42be-a336-71a095066f4c}</Data><Data Name="ProcessId">4219</Data><Data Name="Image">C:\Windows\System32\rundll32.exe</Data><Data Name="CommandLine">"C:\Windows\System32\rundll32.exe" --user tomas.aker@field.example.net --token sample-token-6a3740d9df7ec936</Data><Data Name="CurrentDirectory">C:\Users\tomas.aker\Downloads\</Data><Data Name="User">CORP\tomas.aker</Data><Data Name="LogonGuid">{ca9267b9-647b-44a5-821a-758a184be64f}</Data><Data Name="LogonId">0x3fa</Data><Data Name="TerminalSessionId">4</Data><Data Name="IntegrityLevel">High</Data><Data Name="Hashes">SHA256=26e8f9f9422dfec4178dca23e6a607b89a244a2f67da05b3257481a4ee767321</Data><Data Name="ParentProcessGuid">{efbec363-53bf-479d-b2e6-f5b488df90b3}</Data><Data Name="ParentImage">C:\Windows\explorer.exe</Data><Data Name="DestinationHostname">billing-api-07.internal.example</Data><Data Name="DestinationIp">10.44.18.69</Data><Data Name="DestinationPort">53</Data><Data Name="QueryName">graph.microsoft.com</Data></EventData></Event>
<Event><System><Provider Name="Microsoft-Windows-Sysmon"/><EventID>1</EventID><Computer>SRV-ASTER-01.corp.local</Computer><Security UserID="S-1-5-21-4089823147-2712345678-1977000120-1120"/></System><EventData><Data Name="UtcTime">2026-05-15T15:59:41Z</Data><Data Name="ProcessGuid">{52212c5c-5f18-462a-8745-3f43e5a4bcad}</Data><Data Name="ProcessId">4220</Data><Data Name="Image">C:\Program Files\Google\Chrome\Application\chrome.exe</Data><Data Name="CommandLine">"C:\Program Files\Google\Chrome\Application\chrome.exe" --user iris.monte@keystone.example.org --token sample-token-2579bef48b0e5207</Data><Data Name="CurrentDirectory">C:\Users\iris.monte\Downloads\</Data><Data Name="User">CORP\iris.monte</Data><Data Name="LogonGuid">{33b14a1a-a9d8-4d33-93e3-0fcf0355c94d}</Data><Data Name="LogonId">0x3fb</Data><Data Name="TerminalSessionId">0</Data><Data Name="IntegrityLevel">High</Data><Data Name="Hashes">SHA256=f649d32816ffadc8d0577915a86858efa72429ba546168bfe77e50a97f36b5f2</Data><Data Name="ParentProcessGuid">{4e925100-819a-4fab-b63c-9973118dc978}</Data><Data Name="ParentImage">C:\Windows\explorer.exe</Data><Data Name="DestinationHostname">admin-violet-02.internal.example</Data><Data Name="DestinationIp">10.44.18.64</Data><Data Name="DestinationPort">53</Data><Data Name="QueryName">graph.microsoft.com</Data></EventData></Event>
<Event><System><Provider Name="Microsoft-Windows-Sysmon"/><EventID>3</EventID><Computer>gw-cobalt-02.corp.local</Computer><Security UserID="S-1-5-21-4089823147-2712345678-1977000121-1121"/></System><EventData><Data Name="UtcTime">2026-05-15T16:00:18Z</Data><Data Name="ProcessGuid">{f22a1760-8e08-4dca-9325-7abdebb3c3ae}</Data><Data Name="ProcessId">4221</Data><Data Name="Image">C:\Users\mira.vale\AppData\Local\Temp\setup.exe</Data><Data Name="CommandLine">"C:\Users\mira.vale\AppData\Local\Temp\setup.exe" --user mira.vale@northstar.example --token sample-token-c145bb5831cf1b18</Data><Data Name="CurrentDirectory">C:\Users\mira.vale\Downloads\</Data><Data Name="User">CORP\mira.vale</Data><Data Name="LogonGuid">{86fda58b-7130-407e-a4d4-0a0271c6bdec}</Data><Data Name="LogonId">0x3fc</Data><Data Name="TerminalSessionId">1</Data><Data Name="IntegrityLevel">System</Data><Data Name="Hashes">SHA256=9c72472277af479dfb0012f496fa42bfc03a1103cdb2d0f04384688b5dd7834d</Data><Data Name="ParentProcessGuid">{3b1bfe98-a299-41f4-82b2-3bf9746a0891}</Data><Data Name="ParentImage">C:\Windows\explorer.exe</Data><Data Name="DestinationHostname">cache-pearl-01.internal.example</Data><Data Name="DestinationIp">203.0.113.35</Data><Data Name="DestinationPort">443</Data><Data Name="QueryName">graph.microsoft.com</Data></EventData></Event>
<Event><System><Provider Name="Microsoft-Windows-Sysmon"/><EventID>3</EventID><Computer>api-ember-09.corp.local</Computer><Security UserID="S-1-5-21-4089823147-2712345678-1977000122-1122"/></System><EventData><Data Name="UtcTime">2026-05-15T16:00:55Z</Data><Data Name="ProcessGuid">{c17438c3-9b0b-45da-8859-10ffd24433b4}</Data><Data Name="ProcessId">4222</Data><Data Name="Image">C:\Windows\System32\rundll32.exe</Data><Data Name="CommandLine">"C:\Windows\System32\rundll32.exe" --user selah.ng@field.example.net --token sample-token-ae21c6357abd3535</Data><Data Name="CurrentDirectory">C:\Users\selah.ng\Downloads\</Data><Data Name="User">CORP\selah.ng</Data><Data Name="LogonGuid">{75e1571b-d587-42a7-8d58-41d09162fe14}</Data><Data Name="LogonId">0x3fd</Data><Data Name="TerminalSessionId">2</Data><Data Name="IntegrityLevel">High</Data><Data Name="Hashes">SHA256=ab80d46de6a06ac3738f1bb640c7600adab75ceaa825f791360986d686fc48b8</Data><Data Name="ParentProcessGuid">{bcfcd27a-17c4-4554-8d6a-a212e0345057}</Data><Data Name="ParentImage">C:\Windows\explorer.exe</Data><Data Name="DestinationHostname">worker-orchid-03.internal.example</Data><Data Name="DestinationIp">172.22.9.39</Data><Data Name="DestinationPort">80</Data><Data Name="QueryName">files-river-02.internal.example</Data></EventData></Event>
<Event><System><Provider Name="Microsoft-Windows-Sysmon"/><EventID>11</EventID><Computer>worker-orchid-03.corp.local</Computer><Security UserID="S-1-5-21-4089823147-2712345678-1977000123-1123"/></System><EventData><Data Name="UtcTime">2026-05-15T16:01:32Z</Data><Data Name="ProcessGuid">{88c956a5-da24-45b5-9977-e5892ebd49fe}</Data><Data Name="ProcessId">4223</Data><Data Name="Image">C:\Windows\System32\WindowsPowerShell\v1.0\powershell.exe</Data><Data Name="CommandLine">"C:\Windows\System32\WindowsPowerShell\v1.0\powershell.exe" --user seren.cho@keystone.example.org --token sample-token-a0690fb87853f7bf</Data><Data Name="CurrentDirectory">C:\Users\seren.cho\Downloads\</Data><Data Name="User">CORP\seren.cho</Data><Data Name="LogonGuid">{913d0718-f02e-439c-b32e-d1c43db70173}</Data><Data Name="LogonId">0x3fe</Data><Data Name="TerminalSessionId">3</Data><Data Name="IntegrityLevel">High</Data><Data Name="Hashes">SHA256=20cb191279a87d9dac20a004f7785a2751d1f3fa00abad713c16672c97671d97</Data><Data Name="ParentProcessGuid">{f0c30c09-6ef4-4f71-a70e-46ff1ad2a89c}</Data><Data Name="ParentImage">C:\Windows\explorer.exe</Data><Data Name="DestinationHostname">claims-api-02.internal.example</Data><Data Name="DestinationIp">172.22.9.16</Data><Data Name="DestinationPort">53</Data><Data Name="QueryName">graph.microsoft.com</Data></EventData></Event>
<Event><System><Provider Name="Microsoft-Windows-Sysmon"/><EventID>11</EventID><Computer>db-onyx-03.corp.local</Computer><Security UserID="S-1-5-21-4089823147-2712345678-1977000124-1124"/></System><EventData><Data Name="UtcTime">2026-05-15T16:02:09Z</Data><Data Name="ProcessGuid">{a952b32d-4560-446a-a51b-24ec98d4cddc}</Data><Data Name="ProcessId">4224</Data><Data Name="Image">C:\Windows\System32\WindowsPowerShell\v1.0\powershell.exe</Data><Data Name="CommandLine">"C:\Windows\System32\WindowsPowerShell\v1.0\powershell.exe" --user naomi.rivera@northstar.example --token sample-token-35355c50f3ca4585</Data><Data Name="CurrentDirectory">C:\Users\naomi.rivera\Downloads\</Data><Data Name="User">CORP\naomi.rivera</Data><Data Name="LogonGuid">{a766c6b4-9014-4097-acf4-9714ff306f48}</Data><Data Name="LogonId">0x3ff</Data><Data Name="TerminalSessionId">4</Data><Data Name="IntegrityLevel">System</Data><Data Name="Hashes">SHA256=cafeea32256aa2a04b14f6737ace8e5ea1d68f5792b6d2da9285949ce57755fd</Data><Data Name="ParentProcessGuid">{7cd6cdce-7550-446a-b059-0b6d1f637cd8}</Data><Data Name="ParentImage">C:\Windows\explorer.exe</Data><Data Name="DestinationHostname">claims-api-02.internal.example</Data><Data Name="DestinationIp">198.51.100.38</Data><Data Name="DestinationPort">443</Data><Data Name="QueryName">login.northstar.example</Data></EventData></Event>
<Event><System><Provider Name="Microsoft-Windows-Sysmon"/><EventID>3</EventID><Computer>DESKTOP-LAB-4421.corp.local</Computer><Security UserID="S-1-5-21-4089823147-2712345678-1977000125-1125"/></System><EventData><Data Name="UtcTime">2026-05-15T16:02:46Z</Data><Data Name="ProcessGuid">{bf6b9070-a88d-4f57-95a6-6f34e935f26c}</Data><Data Name="ProcessId">4225</Data><Data Name="Image">C:\Windows\System32\rundll32.exe</Data><Data Name="CommandLine">"C:\Windows\System32\rundll32.exe" --user eliot.park@field.example.net --token sample-token-378323f62bb4b092</Data><Data Name="CurrentDirectory">C:\Users\eliot.park\Downloads\</Data><Data Name="User">CORP\eliot.park</Data><Data Name="LogonGuid">{39648005-1802-4963-b958-6717b1e8766d}</Data><Data Name="LogonId">0x400</Data><Data Name="TerminalSessionId">0</Data><Data Name="IntegrityLevel">System</Data><Data Name="Hashes">SHA256=4ffa1e7bc94f0b34b60b469ebb2fd0ac6ec5d3a41d298348e58b14d6f6ba94aa</Data><Data Name="ParentProcessGuid">{902a026f-e2db-418f-af38-0e89e2bd6134}</Data><Data Name="ParentImage">C:\Windows\explorer.exe</Data><Data Name="DestinationHostname">billing-api-07.internal.example</Data><Data Name="DestinationIp">172.22.9.12</Data><Data Name="DestinationPort">53</Data><Data Name="QueryName">graph.microsoft.com</Data></EventData></Event>
<Event><System><Provider Name="Microsoft-Windows-Sysmon"/><EventID>22</EventID><Computer>LAPTOP-FIELD-1188.corp.local</Computer><Security UserID="S-1-5-21-4089823147-2712345678-1977000126-1126"/></System><EventData><Data Name="UtcTime">2026-05-15T16:03:23Z</Data><Data Name="ProcessGuid">{c6eeb186-3b55-4f40-bdc7-c190def079a7}</Data><Data Name="ProcessId">4226</Data><Data Name="Image">C:\Windows\System32\WindowsPowerShell\v1.0\powershell.exe</Data><Data Name="CommandLine">"C:\Windows\System32\WindowsPowerShell\v1.0\powershell.exe" --user marco.silva@keystone.example.org --token sample-token-50825fb45c9fa032</Data><Data Name="CurrentDirectory">C:\Users\marco.silva\Downloads\</Data><Data Name="User">CORP\marco.silva</Data><Data Name="LogonGuid">{24291017-8e36-4b9d-a346-92f9156cc7c5}</Data><Data Name="LogonId">0x401</Data><Data Name="TerminalSessionId">1</Data><Data Name="IntegrityLevel">Medium</Data><Data Name="Hashes">SHA256=73c61d1906d10c6a41b2cce35eb80603491c82b294d9e65aa103bd5b46e1b59b</Data><Data Name="ParentProcessGuid">{4a2fee0e-9b28-4848-819c-1106898e5cc8}</Data><Data Name="ParentImage">C:\Windows\explorer.exe</Data><Data Name="DestinationHostname">billing-api-07.internal.example</Data><Data Name="DestinationIp">172.22.9.47</Data><Data Name="DestinationPort">80</Data><Data Name="QueryName">login.northstar.example</Data></EventData></Event>
<Event><System><Provider Name="Microsoft-Windows-Sysmon"/><EventID>1</EventID><Computer>LT-RIVER-7742.corp.local</Computer><Security UserID="S-1-5-21-4089823147-2712345678-1977000127-1127"/></System><EventData><Data Name="UtcTime">2026-05-15T16:04:00Z</Data><Data Name="ProcessGuid">{5ac6648f-88b8-449a-895f-fbbff54e4b7f}</Data><Data Name="ProcessId">4227</Data><Data Name="Image">C:\Users\rhea.maddox\AppData\Local\Temp\setup.exe</Data><Data Name="CommandLine">"C:\Users\rhea.maddox\AppData\Local\Temp\setup.exe" --user rhea.maddox@northstar.example --token sample-token-f5550f4909e65435</Data><Data Name="CurrentDirectory">C:\Users\rhea.maddox\Downloads\</Data><Data Name="User">CORP\rhea.maddox</Data><Data Name="LogonGuid">{825b9b05-d122-4928-aa2b-921e83c6d6df}</Data><Data Name="LogonId">0x402</Data><Data Name="TerminalSessionId">2</Data><Data Name="IntegrityLevel">High</Data><Data Name="Hashes">SHA256=cdb52185a7ef92e67bf4984de75d5e73c7ba296f8bcae77ee7822ef507054d0d</Data><Data Name="ParentProcessGuid">{6326e083-9ac7-43d2-88a3-59f583e85793}</Data><Data Name="ParentImage">C:\Windows\explorer.exe</Data><Data Name="DestinationHostname">api-ember-09.internal.example</Data><Data Name="DestinationIp">203.0.113.66</Data><Data Name="DestinationPort">53</Data><Data Name="QueryName">graph.microsoft.com</Data></EventData></Event>
<Event><System><Provider Name="Microsoft-Windows-Sysmon"/><EventID>22</EventID><Computer>VDI-CALL-0902.corp.local</Computer><Security UserID="S-1-5-21-4089823147-2712345678-1977000128-1128"/></System><EventData><Data Name="UtcTime">2026-05-15T16:04:37Z</Data><Data Name="ProcessGuid">{72dbda6f-14f8-4f4b-a483-dc1ad2bf68ed}</Data><Data Name="ProcessId">4228</Data><Data Name="Image">C:\Windows\System32\rundll32.exe</Data><Data Name="CommandLine">"C:\Windows\System32\rundll32.exe" --user cal.derosa@field.example.net --token sample-token-2e6f26c08ccc7890</Data><Data Name="CurrentDirectory">C:\Users\cal.derosa\Downloads\</Data><Data Name="User">CORP\cal.derosa</Data><Data Name="LogonGuid">{a17b7eb2-4884-4e38-98b7-13acfc9f0135}</Data><Data Name="LogonId">0x403</Data><Data Name="TerminalSessionId">3</Data><Data Name="IntegrityLevel">System</Data><Data Name="Hashes">SHA256=770dbad0dc2f1603413612ad8996254209ac90cb5c6c8402657a2cf2cec16709</Data><Data Name="ParentProcessGuid">{d11325a8-db91-44cd-bc03-4cc1c3d61c41}</Data><Data Name="ParentImage">C:\Windows\explorer.exe</Data><Data Name="DestinationHostname">billing-api-07.internal.example</Data><Data Name="DestinationIp">172.22.9.10</Data><Data Name="DestinationPort">443</Data><Data Name="QueryName">login.northstar.example</Data></EventData></Event>
<Event><System><Provider Name="Microsoft-Windows-Sysmon"/><EventID>1</EventID><Computer>SRV-ASTER-01.corp.local</Computer><Security UserID="S-1-5-21-4089823147-2712345678-1977000129-1129"/></System><EventData><Data Name="UtcTime">2026-05-15T16:05:14Z</Data><Data Name="ProcessGuid">{5af82988-9eec-4d72-a9fe-4b769484f1e6}</Data><Data Name="ProcessId">4229</Data><Data Name="Image">C:\Program Files\Google\Chrome\Application\chrome.exe</Data><Data Name="CommandLine">"C:\Program Files\Google\Chrome\Application\chrome.exe" --user quinn.rosales@keystone.example.org --token sample-token-f1c1170d033a5ba7</Data><Data Name="CurrentDirectory">C:\Users\quinn.rosales\Downloads\</Data><Data Name="User">CORP\quinn.rosales</Data><Data Name="LogonGuid">{bfe88f12-a75a-4780-a7f2-29762caa23d4}</Data><Data Name="LogonId">0x404</Data><Data Name="TerminalSessionId">4</Data><Data Name="IntegrityLevel">Medium</Data><Data Name="Hashes">SHA256=2e27dd2305a152f66fb516cb8e0bed63b725b231f05a048c083a187afe8cb989</Data><Data Name="ParentProcessGuid">{0e26769a-d771-4807-b4ca-245ca7d798cd}</Data><Data Name="ParentImage">C:\Windows\explorer.exe</Data><Data Name="DestinationHostname">reports-moss-05.internal.example</Data><Data Name="DestinationIp">10.44.18.49</Data><Data Name="DestinationPort">443</Data><Data Name="QueryName">login.northstar.example</Data></EventData></Event>
<Event><System><Provider Name="Microsoft-Windows-Sysmon"/><EventID>22</EventID><Computer>gw-cobalt-02.corp.local</Computer><Security UserID="S-1-5-21-4089823147-2712345678-1977000130-1130"/></System><EventData><Data Name="UtcTime">2026-05-15T16:05:51Z</Data><Data Name="ProcessGuid">{bfefac94-a7fb-4a91-8ba0-bfa74602f1ef}</Data><Data Name="ProcessId">4230</Data><Data Name="Image">C:\Users\veda.morris\AppData\Local\Temp\setup.exe</Data><Data Name="CommandLine">"C:\Users\veda.morris\AppData\Local\Temp\setup.exe" --user veda.morris@northstar.example --token sample-token-abe0ba94f9d06c70</Data><Data Name="CurrentDirectory">C:\Users\veda.morris\Downloads\</Data><Data Name="User">CORP\veda.morris</Data><Data Name="LogonGuid">{1ff7cedc-7e20-41d4-8736-b57bb05cf733}</Data><Data Name="LogonId">0x405</Data><Data Name="TerminalSessionId">0</Data><Data Name="IntegrityLevel">High</Data><Data Name="Hashes">SHA256=b8ebf362fc60f5b1c86d596c926256c23fb733fc3f5640e0b07ed1f02da2c071</Data><Data Name="ParentProcessGuid">{ca116340-fb50-4c2f-8ca6-483cf6977356}</Data><Data Name="ParentImage">C:\Windows\explorer.exe</Data><Data Name="DestinationHostname">files-river-02.internal.example</Data><Data Name="DestinationIp">192.0.2.53</Data><Data Name="DestinationPort">80</Data><Data Name="QueryName">files-river-02.internal.example</Data></EventData></Event>
<Event><System><Provider Name="Microsoft-Windows-Sysmon"/><EventID>22</EventID><Computer>api-ember-09.corp.local</Computer><Security UserID="S-1-5-21-4089823147-2712345678-1977000131-1131"/></System><EventData><Data Name="UtcTime">2026-05-15T16:06:28Z</Data><Data Name="ProcessGuid">{35d94eb0-4962-40b9-84c9-2c86179a9cac}</Data><Data Name="ProcessId">4231</Data><Data Name="Image">C:\Users\tomas.aker\AppData\Local\Temp\setup.exe</Data><Data Name="CommandLine">"C:\Users\tomas.aker\AppData\Local\Temp\setup.exe" --user tomas.aker@field.example.net --token sample-token-56dbb0ab62d36ea2</Data><Data Name="CurrentDirectory">C:\Users\tomas.aker\Downloads\</Data><Data Name="User">CORP\tomas.aker</Data><Data Name="LogonGuid">{01789e92-ac30-4713-a914-d3b1e3f1e980}</Data><Data Name="LogonId">0x406</Data><Data Name="TerminalSessionId">1</Data><Data Name="IntegrityLevel">System</Data><Data Name="Hashes">SHA256=841813f604af9d47aab1c56348fbd761dbec956344fdcc7825433444e9b472e1</Data><Data Name="ParentProcessGuid">{3db74148-bef1-40ba-961b-135bdbce4a4d}</Data><Data Name="ParentImage">C:\Windows\explorer.exe</Data><Data Name="DestinationHostname">reports-moss-05.internal.example</Data><Data Name="DestinationIp">10.44.18.20</Data><Data Name="DestinationPort">80</Data><Data Name="QueryName">graph.microsoft.com</Data></EventData></Event>
<Event><System><Provider Name="Microsoft-Windows-Sysmon"/><EventID>11</EventID><Computer>worker-orchid-03.corp.local</Computer><Security UserID="S-1-5-21-4089823147-2712345678-1977000132-1132"/></System><EventData><Data Name="UtcTime">2026-05-15T16:07:05Z</Data><Data Name="ProcessGuid">{388b3f23-c409-4734-b114-5241699ebfb8}</Data><Data Name="ProcessId">4232</Data><Data Name="Image">C:\Windows\System32\rundll32.exe</Data><Data Name="CommandLine">"C:\Windows\System32\rundll32.exe" --user iris.monte@keystone.example.org --token sample-token-57259ee254ceaf49</Data><Data Name="CurrentDirectory">C:\Users\iris.monte\Downloads\</Data><Data Name="User">CORP\iris.monte</Data><Data Name="LogonGuid">{721c1cf5-30f4-4f8d-9b8a-28260a546411}</Data><Data Name="LogonId">0x407</Data><Data Name="TerminalSessionId">2</Data><Data Name="IntegrityLevel">System</Data><Data Name="Hashes">SHA256=2f1db96aecbb11c915ebf3b86507042a7df8fb610fe77481df2841d884e01c02</Data><Data Name="ParentProcessGuid">{a07b9d6f-a6a8-4941-9c6b-b801c82c8a23}</Data><Data Name="ParentImage">C:\Windows\explorer.exe</Data><Data Name="DestinationHostname">files-river-02.internal.example</Data><Data Name="DestinationIp">192.168.66.12</Data><Data Name="DestinationPort">53</Data><Data Name="QueryName">login.northstar.example</Data></EventData></Event>
<Event><System><Provider Name="Microsoft-Windows-Sysmon"/><EventID>3</EventID><Computer>db-onyx-03.corp.local</Computer><Security UserID="S-1-5-21-4089823147-2712345678-1977000133-1133"/></System><EventData><Data Name="UtcTime">2026-05-15T16:07:42Z</Data><Data Name="ProcessGuid">{799bda83-5ebd-4a5c-8e51-98c3a29725f0}</Data><Data Name="ProcessId">4233</Data><Data Name="Image">C:\Windows\System32\rundll32.exe</Data><Data Name="CommandLine">"C:\Windows\System32\rundll32.exe" --user mira.vale@northstar.example --token sample-token-1fc32d9e7d63bad0</Data><Data Name="CurrentDirectory">C:\Users\mira.vale\Downloads\</Data><Data Name="User">CORP\mira.vale</Data><Data Name="LogonGuid">{b3751e2f-5451-47f1-b55b-bcfcdea8fbd7}</Data><Data Name="LogonId">0x408</Data><Data Name="TerminalSessionId">3</Data><Data Name="IntegrityLevel">Medium</Data><Data Name="Hashes">SHA256=ac3bbf85fd88dead0d4ffa1c8b2648ed4c8cc2a58062f6ec6fe44b8537f4ffdc</Data><Data Name="ParentProcessGuid">{53224366-5e37-447a-bec7-14bc74c7a92d}</Data><Data Name="ParentImage">C:\Windows\explorer.exe</Data><Data Name="DestinationHostname">reports-moss-05.internal.example</Data><Data Name="DestinationIp">192.0.2.52</Data><Data Name="DestinationPort">443</Data><Data Name="QueryName">login.northstar.example</Data></EventData></Event>
<Event><System><Provider Name="Microsoft-Windows-Sysmon"/><EventID>11</EventID><Computer>DESKTOP-LAB-4421.corp.local</Computer><Security UserID="S-1-5-21-4089823147-2712345678-1977000134-1134"/></System><EventData><Data Name="UtcTime">2026-05-15T16:08:19Z</Data><Data Name="ProcessGuid">{e5026d9f-e334-4da1-a757-7ddc6590c6c2}</Data><Data Name="ProcessId">4234</Data><Data Name="Image">C:\Users\selah.ng\AppData\Local\Temp\setup.exe</Data><Data Name="CommandLine">"C:\Users\selah.ng\AppData\Local\Temp\setup.exe" --user selah.ng@field.example.net --token sample-token-42d99c53d808e904</Data><Data Name="CurrentDirectory">C:\Users\selah.ng\Downloads\</Data><Data Name="User">CORP\selah.ng</Data><Data Name="LogonGuid">{cb0eeaad-e078-491e-9cd3-b3b52516e685}</Data><Data Name="LogonId">0x409</Data><Data Name="TerminalSessionId">4</Data><Data Name="IntegrityLevel">High</Data><Data Name="Hashes">SHA256=6d72c19359247d03f5ecc5975be072feab2653dc174d150ecfee2e647c9c4565</Data><Data Name="ParentProcessGuid">{48090c59-e31d-4665-9759-1bbee15acb02}</Data><Data Name="ParentImage">C:\Windows\explorer.exe</Data><Data Name="DestinationHostname">claims-api-02.internal.example</Data><Data Name="DestinationIp">172.22.9.38</Data><Data Name="DestinationPort">443</Data><Data Name="QueryName">graph.microsoft.com</Data></EventData></Event>
<Event><System><Provider Name="Microsoft-Windows-Sysmon"/><EventID>11</EventID><Computer>LAPTOP-FIELD-1188.corp.local</Computer><Security UserID="S-1-5-21-4089823147-2712345678-1977000135-1135"/></System><EventData><Data Name="UtcTime">2026-05-15T16:08:56Z</Data><Data Name="ProcessGuid">{df7b18df-4314-4146-b2e7-f7d9c1757154}</Data><Data Name="ProcessId">4235</Data><Data Name="Image">C:\Windows\System32\rundll32.exe</Data><Data Name="CommandLine">"C:\Windows\System32\rundll32.exe" --user seren.cho@keystone.example.org --token sample-token-c5606f257033aa70</Data><Data Name="CurrentDirectory">C:\Users\seren.cho\Downloads\</Data><Data Name="User">CORP\seren.cho</Data><Data Name="LogonGuid">{04383193-6d77-44e3-83d2-6c7efc2471ca}</Data><Data Name="LogonId">0x40a</Data><Data Name="TerminalSessionId">0</Data><Data Name="IntegrityLevel">System</Data><Data Name="Hashes">SHA256=6960fde92582f928e8145c37cc11c0131060555f94c05a38f433c437c9bd70bb</Data><Data Name="ParentProcessGuid">{1e80d567-238d-42c2-af8e-468ec6dd6129}</Data><Data Name="ParentImage">C:\Windows\explorer.exe</Data><Data Name="DestinationHostname">claims-api-02.internal.example</Data><Data Name="DestinationIp">172.22.9.45</Data><Data Name="DestinationPort">53</Data><Data Name="QueryName">graph.microsoft.com</Data></EventData></Event>
<Event><System><Provider Name="Microsoft-Windows-Sysmon"/><EventID>11</EventID><Computer>LT-RIVER-7742.corp.local</Computer><Security UserID="S-1-5-21-4089823147-2712345678-1977000136-1136"/></System><EventData><Data Name="UtcTime">2026-05-15T16:09:33Z</Data><Data Name="ProcessGuid">{0fb41343-c9cc-4671-8b0e-ef2390018290}</Data><Data Name="ProcessId">4236</Data><Data Name="Image">C:\Users\naomi.rivera\AppData\Local\Temp\setup.exe</Data><Data Name="CommandLine">"C:\Users\naomi.rivera\AppData\Local\Temp\setup.exe" --user naomi.rivera@northstar.example --token sample-token-b13145d7c18e74c5</Data><Data Name="CurrentDirectory">C:\Users\naomi.rivera\Downloads\</Data><Data Name="User">CORP\naomi.rivera</Data><Data Name="LogonGuid">{ec1320ed-9eb8-4cc8-aaea-cdc4e711e6ca}</Data><Data Name="LogonId">0x40b</Data><Data Name="TerminalSessionId">1</Data><Data Name="IntegrityLevel">High</Data><Data Name="Hashes">SHA256=35e28c78f7a1ca23e503d09e3392047870c3d0f1fac92a8fac85ee5805f99001</Data><Data Name="ParentProcessGuid">{3c96e2fd-d6be-41a7-b3c8-704fe376a549}</Data><Data Name="ParentImage">C:\Windows\explorer.exe</Data><Data Name="DestinationHostname">files-river-02.internal.example</Data><Data Name="DestinationIp">198.51.100.42</Data><Data Name="DestinationPort">443</Data><Data Name="QueryName">files-river-02.internal.example</Data></EventData></Event>
