<Event><System><Provider Name="Microsoft-Windows-Sysmon"/><EventID>3</EventID><Computer>VDI-CALL-0902.corp.local</Computer><Security UserID="S-1-5-21-4089823147-2712345678-1977000137-1137"/></System><EventData><Data Name="UtcTime">2026-05-15T16:10:10Z</Data><Data Name="ProcessGuid">{b39fc056-48e8-4e58-b0e1-b33dc944ad78}</Data><Data Name="ProcessId">4237</Data><Data Name="Image">C:\Program Files\Google\Chrome\Application\chrome.exe</Data><Data Name="CommandLine">"C:\Program Files\Google\Chrome\Application\chrome.exe" --user eliot.park@field.example.net --token sample-token-43993193a0a60c02</Data><Data Name="CurrentDirectory">C:\Users\eliot.park\Downloads\</Data><Data Name="User">CORP\eliot.park</Data><Data Name="LogonGuid">{a6d9809c-04ea-4976-b531-482d1f2c99a3}</Data><Data Name="LogonId">0x40c</Data><Data Name="TerminalSessionId">2</Data><Data Name="IntegrityLevel">High</Data><Data Name="Hashes">SHA256=b944c2bd101f24f24248e8c052b88efd6274d37cf4f6fb9b5de9f9e723c50c7a</Data><Data Name="ParentProcessGuid">{a3d2524e-d71a-4ae3-9174-2b9216aba661}</Data><Data Name="ParentImage">C:\Windows\explorer.exe</Data><Data Name="DestinationHostname">files-river-02.internal.example</Data><Data Name="DestinationIp">10.44.18.45</Data><Data Name="DestinationPort">53</Data><Data Name="QueryName">login.northstar.example</Data></EventData></Event>
<Event><System><Provider Name="Microsoft-Windows-Sysmon"/><EventID>22</EventID><Computer>SRV-ASTER-01.corp.local</Computer><Security UserID="S-1-5-21-4089823147-2712345678-1977000138-1138"/></System><EventData><Data Name="UtcTime">2026-05-15T16:10:47Z</Data><Data Name="ProcessGuid">{5e3a463f-7d28-4254-826f-6dcc62309c7c}</Data><Data Name="ProcessId">4238</Data><Data Name="Image">C:\Windows\System32\rundll32.exe</Data><Data Name="CommandLine">"C:\Windows\System32\rundll32.exe" --user marco.silva@keystone.example.org --token sample-token-97b9cebb79f91abd</Data><Data Name="CurrentDirectory">C:\Users\marco.silva\Downloads\</Data><Data Name="User">CORP\marco.silva</Data><Data Name="LogonGuid">{404bc3ff-cdeb-44bf-89b3-51d4615b771b}</Data><Data Name="LogonId">0x40d</Data><Data Name="TerminalSessionId">3</Data><Data Name="IntegrityLevel">Medium</Data><Data Name="Hashes">SHA256=5be349335de9ff4bb17144b3815cb41f7ea3de27c14ec036d79c1a924b1b2bca</Data><Data Name="ParentProcessGuid">{a527e380-099e-4364-9125-6d903551f37e}</Data><Data Name="ParentImage">C:\Windows\explorer.exe</Data><Data Name="DestinationHostname">api-ember-09.internal.example</Data><Data Name="DestinationIp">192.168.66.38</Data><Data Name="DestinationPort">80</Data><Data Name="QueryName">login.northstar.example</Data></EventData></Event>
<Event><System><Provider Name="Microsoft-Windows-Sysmon"/><EventID>11</EventID><Computer>gw-cobalt-02.corp.local</Computer><Security UserID="S-1-5-21-4089823147-2712345678-1977000139-1139"/></System><EventData><Data Name="UtcTime">2026-05-15T16:11:24Z</Data><Data Name="ProcessGuid">{b086df99-8d8c-482a-a879-b1ecb402fff6}</Data><Data Name="ProcessId">4239</Data><Data Name="Image">C:\Users\rhea.maddox\AppData\Local\Temp\setup.exe</Data><Data Name="CommandLine">"C:\Users\rhea.maddox\AppData\Local\Temp\setup.exe" --user rhea.maddox@northstar.example --token sample-token-1c974dbfeb9d76f7</Data><Data Name="CurrentDirectory">C:\Users\rhea.maddox\Downloads\</Data><Data Name="User">CORP\rhea.maddox</Data><Data Name="LogonGuid">{194d3d16-1a1d-4795-ba9e-d0bd833de593}</Data><Data Name="LogonId">0x40e</Data><Data Name="TerminalSessionId">4</Data><Data Name="IntegrityLevel">High</Data><Data Name="Hashes">SHA256=c74e4000ca49b073e5db68d139159079cd4617da498d13b4861d1c06882b90c7</Data><Data Name="ParentProcessGuid">{e1261274-0241-4717-8200-6895dfb3fe14}</Data><Data Name="ParentImage">C:\Windows\explorer.exe</Data><Data Name="DestinationHostname">files-river-02.internal.example</Data><Data Name="DestinationIp">203.0.113.60</Data><Data Name="DestinationPort">53</Data><Data Name="QueryName">files-river-02.internal.example</Data></EventData></Event>
